SF:lib\AuthRepository.dart
DA:6,0
DA:8,0
DA:13,0
DA:15,0
DA:18,0
DA:21,0
DA:22,0
LF:7
LH:0
end_of_record
SF:lib\MyClass.dart
DA:2,1
DA:6,1
LF:2
LH:2
end_of_record
SF:lib\TestWidget.dart
DA:5,2
DA:7,1
DA:8,1
DA:18,1
DA:20,1
DA:21,1
DA:22,1
DA:23,1
DA:25,1
DA:26,1
DA:28,1
DA:29,1
DA:30,1
DA:31,1
DA:32,1
DA:34,1
DA:35,1
DA:38,2
DA:39,1
DA:40,2
DA:41,2
DA:42,2
DA:47,1
LF:23
LH:23
end_of_record
SF:lib\main.dart
DA:5,0
DA:6,0
DA:10,0
DA:13,0
DA:15,0
DA:17,0
DA:35,1
DA:48,0
DA:49,0
DA:55,0
DA:56,0
DA:62,0
DA:66,0
DA:74,0
DA:75,0
DA:78,0
DA:80,0
DA:83,0
DA:99,0
DA:103,0
DA:104,0
DA:105,0
DA:110,0
DA:111,0
LF:24
LH:1
end_of_record
SF:lib\MyWidget.dart
DA:4,0
DA:13,0
DA:15,0
DA:17,0
DA:18,0
DA:19,0
DA:21,0
DA:22,0
LF:8
LH:0
end_of_record
